2023-04-11 12:15:29,297 - functionalities.logger - ERROR - 'subtype'
2023-04-11 12:17:42,215 - functionalities.logger - ERROR - 'subtype'
2023-04-11 12:20:28,091 - functionalities.logger - DEBUG - services:
   serviceId        title  ... pipeType electricalAppliances
0          1         cook  ...        -                    -
1          2       driver  ...        -                    -
2          3      plumber  ...      PVC                    -
3          4  electrician  ...        -                  Yes
4          5         maid  ...        -                    -
5          6    carpenter  ...        -                    -
6          7   AC service  ...        -                    -
7          8      cleaner  ...        -                    -
8          9     gardener  ...        -                    -
9         10        guard  ...        -                    -

[10 rows x 17 columns]
2023-04-11 12:20:28,097 - functionalities.logger - DEBUG - ratings:
     userId  serviceId  rating         timestamp
0      1001          1     4.5  01-03-2022 08:30
1      1001          2     3.0  02-03-2022 11:20
2      1001          3     2.5  03-03-2022 15:45
3      1001          4     4.0  04-03-2022 09:10
4      1001          5     3.5  05-03-2022 12:55
..      ...        ...     ...               ...
294      50          2     5.0               NaN
295      50          5     4.0               NaN
296      50          8     3.0               NaN
297      50          5     5.0               NaN
298      50          3     5.0               NaN

[299 rows x 4 columns]
2023-04-11 12:20:28,097 - functionalities.logger - DEBUG - before extending indices
[]
2023-04-11 12:20:28,097 - functionalities.logger - ERROR - 'subtype'
2023-04-11 12:23:04,114 - functionalities.logger - DEBUG - services:
   serviceId        title  ... pipeType electricalAppliances
0          1         cook  ...        -                    -
1          2       driver  ...        -                    -
2          3      plumber  ...      PVC                    -
3          4  electrician  ...        -                  Yes
4          5         maid  ...        -                    -
5          6    carpenter  ...        -                    -
6          7   AC service  ...        -                    -
7          8      cleaner  ...        -                    -
8          9     gardener  ...        -                    -
9         10        guard  ...        -                    -

[10 rows x 17 columns]
2023-04-11 12:23:04,118 - functionalities.logger - DEBUG - ratings:
     userId  serviceId  rating         timestamp
0      1001          1     4.5  01-03-2022 08:30
1      1001          2     3.0  02-03-2022 11:20
2      1001          3     2.5  03-03-2022 15:45
3      1001          4     4.0  04-03-2022 09:10
4      1001          5     3.5  05-03-2022 12:55
..      ...        ...     ...               ...
294      50          2     5.0               NaN
295      50          5     4.0               NaN
296      50          8     3.0               NaN
297      50          5     5.0               NaN
298      50          3     5.0               NaN

[299 rows x 4 columns]
2023-04-11 12:23:04,118 - functionalities.logger - DEBUG - before extending indices
[]
2023-04-11 12:23:04,118 - functionalities.logger - ERROR - 'subtype'
2023-04-11 12:24:51,444 - functionalities.logger - DEBUG - services:
   serviceId        title  ... pipeType electricalAppliances
0          1         cook  ...        -                    -
1          2       driver  ...        -                    -
2          3      plumber  ...      PVC                    -
3          4  electrician  ...        -                  Yes
4          5         maid  ...        -                    -
5          6    carpenter  ...        -                    -
6          7   AC service  ...        -                    -
7          8      cleaner  ...        -                    -
8          9     gardener  ...        -                    -
9         10        guard  ...        -                    -

[10 rows x 17 columns]
2023-04-11 12:24:51,450 - functionalities.logger - DEBUG - ratings:
     userId  serviceId  rating         timestamp
0      1001          1     4.5  01-03-2022 08:30
1      1001          2     3.0  02-03-2022 11:20
2      1001          3     2.5  03-03-2022 15:45
3      1001          4     4.0  04-03-2022 09:10
4      1001          5     3.5  05-03-2022 12:55
..      ...        ...     ...               ...
294      50          2     5.0               NaN
295      50          5     4.0               NaN
296      50          8     3.0               NaN
297      50          5     5.0               NaN
298      50          3     5.0               NaN

[299 rows x 4 columns]
2023-04-11 12:24:51,467 - functionalities.logger - DEBUG - item_user_mat:
userId     3     11    12    13    14    15    16    17    18    19    20    21    22    23    24    25    26    27    28    29    30    31    32    33    34    35    36    37    38    39    40    41    42    43    44    45    46    47    48    49    50    100   333   444   555   666   777   888   999   1001  1002
serviceId                                                                                                                                                                                                                                                                                                                  
1           4.0   5.0  3.25   0.0   0.0   5.0   0.0   2.5   0.0   0.0   0.0   5.0   0.0   0.0   5.0   4.0   0.0   4.0   0.0   0.0   5.0   5.0   0.0   5.0   5.0   0.0   5.0   4.0   0.0   0.0   0.0   3.0   0.0   5.0   0.0   0.0   5.0   0.0   5.0   0.0   5.0   0.0   5.0   3.0   3.0   4.0   2.0   2.0   4.0   4.5   3.0
2           0.0   4.0  2.50   4.5   0.0   0.0   0.0   5.0   3.0   0.0   0.0   0.0   4.0   0.0   4.0   4.0   5.0   0.0   0.0   0.0   5.0   5.0   0.0   5.0   5.0   5.0   0.0   0.0   4.5   0.0   0.0   5.0   0.0   0.0   3.0   0.0   5.0   0.0   5.0   0.0   5.0   0.0   3.0   5.0   3.0   4.0   3.0   3.0   5.0   3.0   4.0
3           0.0   0.0  3.25   4.0   3.5   0.0   0.0   3.0   0.0   0.0   3.0   0.0   0.0   5.0   0.0   1.0   5.0   0.0   4.5   0.0   0.0   5.0   0.0   5.0   0.0   5.0   5.0   0.0   0.0   3.5   0.0   5.0   2.0   5.0   0.0   4.5   0.0   5.0   5.0   4.0   4.5   3.0   4.0   4.0   3.0   3.0   3.0   4.0   4.0   2.5   2.0
4           4.0   3.0  5.00   4.0   3.5   0.0   3.0   3.0   0.0   0.0   4.5   5.0   5.0   0.0   5.0   0.0   5.0   4.0   0.0   0.0   5.0   0.0   5.0   0.0   0.0   4.0   0.0   0.0   0.0   4.0   0.0   5.0   0.0   5.0   0.0   0.0   3.0   0.0   5.0   0.0   5.0   3.0   0.0   3.0   3.0   5.0   4.0   3.0   3.5   4.0   4.5
5           0.0   4.0  3.00   3.0   3.0   0.0   0.0   0.0   0.0   3.5   0.0   0.0   3.0   0.0   0.0   3.0   5.0   5.0   0.0   0.0   5.0   0.0   5.0   0.0   0.0   0.0   5.0   0.0   0.0   3.0   0.0   1.0   4.0   0.0   2.0   4.0   5.0   5.0   0.0   4.0   4.5   3.0   4.0   0.0   3.0   5.0   3.0   3.0   3.0   3.5   3.0
6           0.0   5.0  5.00   3.0   0.0   4.0   0.0   3.0   0.0   0.0   0.0   4.0   0.0   5.0   0.0   0.0   5.0   0.0   0.0   5.0   0.0   0.0   5.0   0.0   5.0   5.0   0.0   4.0   0.0   3.0   0.0   5.0   0.0   3.0   0.0   0.0   4.0   0.0   5.0   0.0   5.0   0.0   0.0   3.0   3.0   3.0   4.0   2.0   4.0   4.0   3.5
7           0.0   0.0  3.50   5.0   3.0   0.0   0.0   0.0   0.0   0.0   4.5   0.0   4.0   0.0   0.0   0.0   4.0   5.0   0.0   0.0   0.0   0.0   5.0   0.0   5.0   5.0   0.0   5.0   0.0   4.0   5.0   0.0   0.0   5.0   0.0   4.0   0.0   0.0   5.0   5.0   0.0   3.0   4.0   3.0   4.0   1.0   3.0   3.0   4.0   2.0   2.5
8           0.0   3.0  3.00   3.5   0.0   0.0   0.0   0.0   0.0   0.0   3.5   0.0   3.0   0.0   0.0   3.0   3.0   0.0   0.0   0.0   5.0   0.0   0.0   5.0   5.0   0.0   0.0   5.0   0.0   0.0   0.0   0.0   5.0   0.0   0.0   5.0   0.0   4.0   0.0   5.0   3.0   5.0   1.0   3.0   1.0   3.0   3.0   4.0   0.0   3.5   4.0
9           0.0   3.0  2.50   4.0   0.0   0.0   4.0   0.0   3.5   0.0   0.0   0.0   5.0   0.0   5.0   0.0   5.0   0.0   0.0   0.0   5.0   0.0   5.0   0.0   5.0   0.0   0.0   4.0   0.0   0.0   0.0   4.0   0.0   0.0   5.0   0.0   5.0   0.0   4.0   0.0   3.0   0.0   0.0   4.0   5.0   4.0   3.0   3.0   3.0   4.0   3.0
10          0.0   0.0  4.50   3.0   4.0   4.0   0.0   3.5   0.0   0.0   0.0   4.0   0.0   3.0   0.0   4.0   0.0   5.0   4.5   0.0   0.0   0.0   5.0   0.0   0.0   5.0   0.0   0.0   5.0   0.0   0.0   4.0   0.0   5.0   0.0   4.0   0.0   0.0   4.0   0.0   4.0   5.0   5.0   3.0   4.0   2.0   3.0   4.0   4.0   0.0   0.0
2023-04-11 12:24:51,468 - functionalities.logger - DEBUG - before extending indices
[]
2023-04-11 12:24:51,468 - functionalities.logger - ERROR - 'subtype'
2023-04-11 12:25:51,332 - functionalities.logger - DEBUG - services:
   serviceId        title  ... pipeType electricalAppliances
0          1         cook  ...        -                    -
1          2       driver  ...        -                    -
2          3      plumber  ...      PVC                    -
3          4  electrician  ...        -                  Yes
4          5         maid  ...        -                    -
5          6    carpenter  ...        -                    -
6          7   AC service  ...        -                    -
7          8      cleaner  ...        -                    -
8          9     gardener  ...        -                    -
9         10        guard  ...        -                    -

[10 rows x 17 columns]
2023-04-11 12:25:51,337 - functionalities.logger - DEBUG - ratings:
     userId  serviceId  rating         timestamp
0      1001          1     4.5  01-03-2022 08:30
1      1001          2     3.0  02-03-2022 11:20
2      1001          3     2.5  03-03-2022 15:45
3      1001          4     4.0  04-03-2022 09:10
4      1001          5     3.5  05-03-2022 12:55
..      ...        ...     ...               ...
294      50          2     5.0               NaN
295      50          5     4.0               NaN
296      50          8     3.0               NaN
297      50          5     5.0               NaN
298      50          3     5.0               NaN

[299 rows x 4 columns]
2023-04-11 12:25:51,355 - functionalities.logger - DEBUG - item_user_mat:
userId     3     11    12    13    14    15    16    17    18    19    20    21    22    23    24    25    26    27    28    29    30    31    32    33    34    35    36    37    38    39    40    41    42    43    44    45    46    47    48    49    50    100   333   444   555   666   777   888   999   1001  1002
serviceId                                                                                                                                                                                                                                                                                                                  
1           4.0   5.0  3.25   0.0   0.0   5.0   0.0   2.5   0.0   0.0   0.0   5.0   0.0   0.0   5.0   4.0   0.0   4.0   0.0   0.0   5.0   5.0   0.0   5.0   5.0   0.0   5.0   4.0   0.0   0.0   0.0   3.0   0.0   5.0   0.0   0.0   5.0   0.0   5.0   0.0   5.0   0.0   5.0   3.0   3.0   4.0   2.0   2.0   4.0   4.5   3.0
2           0.0   4.0  2.50   4.5   0.0   0.0   0.0   5.0   3.0   0.0   0.0   0.0   4.0   0.0   4.0   4.0   5.0   0.0   0.0   0.0   5.0   5.0   0.0   5.0   5.0   5.0   0.0   0.0   4.5   0.0   0.0   5.0   0.0   0.0   3.0   0.0   5.0   0.0   5.0   0.0   5.0   0.0   3.0   5.0   3.0   4.0   3.0   3.0   5.0   3.0   4.0
3           0.0   0.0  3.25   4.0   3.5   0.0   0.0   3.0   0.0   0.0   3.0   0.0   0.0   5.0   0.0   1.0   5.0   0.0   4.5   0.0   0.0   5.0   0.0   5.0   0.0   5.0   5.0   0.0   0.0   3.5   0.0   5.0   2.0   5.0   0.0   4.5   0.0   5.0   5.0   4.0   4.5   3.0   4.0   4.0   3.0   3.0   3.0   4.0   4.0   2.5   2.0
4           4.0   3.0  5.00   4.0   3.5   0.0   3.0   3.0   0.0   0.0   4.5   5.0   5.0   0.0   5.0   0.0   5.0   4.0   0.0   0.0   5.0   0.0   5.0   0.0   0.0   4.0   0.0   0.0   0.0   4.0   0.0   5.0   0.0   5.0   0.0   0.0   3.0   0.0   5.0   0.0   5.0   3.0   0.0   3.0   3.0   5.0   4.0   3.0   3.5   4.0   4.5
5           0.0   4.0  3.00   3.0   3.0   0.0   0.0   0.0   0.0   3.5   0.0   0.0   3.0   0.0   0.0   3.0   5.0   5.0   0.0   0.0   5.0   0.0   5.0   0.0   0.0   0.0   5.0   0.0   0.0   3.0   0.0   1.0   4.0   0.0   2.0   4.0   5.0   5.0   0.0   4.0   4.5   3.0   4.0   0.0   3.0   5.0   3.0   3.0   3.0   3.5   3.0
6           0.0   5.0  5.00   3.0   0.0   4.0   0.0   3.0   0.0   0.0   0.0   4.0   0.0   5.0   0.0   0.0   5.0   0.0   0.0   5.0   0.0   0.0   5.0   0.0   5.0   5.0   0.0   4.0   0.0   3.0   0.0   5.0   0.0   3.0   0.0   0.0   4.0   0.0   5.0   0.0   5.0   0.0   0.0   3.0   3.0   3.0   4.0   2.0   4.0   4.0   3.5
7           0.0   0.0  3.50   5.0   3.0   0.0   0.0   0.0   0.0   0.0   4.5   0.0   4.0   0.0   0.0   0.0   4.0   5.0   0.0   0.0   0.0   0.0   5.0   0.0   5.0   5.0   0.0   5.0   0.0   4.0   5.0   0.0   0.0   5.0   0.0   4.0   0.0   0.0   5.0   5.0   0.0   3.0   4.0   3.0   4.0   1.0   3.0   3.0   4.0   2.0   2.5
8           0.0   3.0  3.00   3.5   0.0   0.0   0.0   0.0   0.0   0.0   3.5   0.0   3.0   0.0   0.0   3.0   3.0   0.0   0.0   0.0   5.0   0.0   0.0   5.0   5.0   0.0   0.0   5.0   0.0   0.0   0.0   0.0   5.0   0.0   0.0   5.0   0.0   4.0   0.0   5.0   3.0   5.0   1.0   3.0   1.0   3.0   3.0   4.0   0.0   3.5   4.0
9           0.0   3.0  2.50   4.0   0.0   0.0   4.0   0.0   3.5   0.0   0.0   0.0   5.0   0.0   5.0   0.0   5.0   0.0   0.0   0.0   5.0   0.0   5.0   0.0   5.0   0.0   0.0   4.0   0.0   0.0   0.0   4.0   0.0   0.0   5.0   0.0   5.0   0.0   4.0   0.0   3.0   0.0   0.0   4.0   5.0   4.0   3.0   3.0   3.0   4.0   3.0
10          0.0   0.0  4.50   3.0   4.0   4.0   0.0   3.5   0.0   0.0   0.0   4.0   0.0   3.0   0.0   4.0   0.0   5.0   4.5   0.0   0.0   0.0   5.0   0.0   0.0   5.0   0.0   0.0   5.0   0.0   0.0   4.0   0.0   5.0   0.0   4.0   0.0   0.0   4.0   0.0   4.0   5.0   5.0   3.0   4.0   2.0   3.0   4.0   4.0   0.0   0.0
2023-04-11 12:25:51,355 - functionalities.logger - DEBUG - before extending indices
[]
2023-04-11 12:25:51,356 - functionalities.logger - ERROR - 'subtype'
2023-04-11 12:34:06,203 - functionalities.logger - DEBUG - services:
   serviceId        title  ... pipeType electricalAppliances
0          1         cook  ...        -                    -
1          2       driver  ...        -                    -
2          3      plumber  ...      PVC                    -
3          4  electrician  ...        -                  Yes
4          5         maid  ...        -                    -
5          6    carpenter  ...        -                    -
6          7   AC service  ...        -                    -
7          8      cleaner  ...        -                    -
8          9     gardener  ...        -                    -
9         10        guard  ...        -                    -

[10 rows x 17 columns]
2023-04-11 12:34:06,207 - functionalities.logger - DEBUG - ratings:
     userId  serviceId  rating         timestamp
0      1001          1     4.5  01-03-2022 08:30
1      1001          2     3.0  02-03-2022 11:20
2      1001          3     2.5  03-03-2022 15:45
3      1001          4     4.0  04-03-2022 09:10
4      1001          5     3.5  05-03-2022 12:55
..      ...        ...     ...               ...
294      50          2     5.0               NaN
295      50          5     4.0               NaN
296      50          8     3.0               NaN
297      50          5     5.0               NaN
298      50          3     5.0               NaN

[299 rows x 4 columns]
2023-04-11 12:34:06,208 - functionalities.logger - ERROR - 'subtype'
2023-04-11 12:35:24,310 - functionalities.logger - DEBUG - services:
   serviceId        title  ... pipeType electricalAppliances
0          1         cook  ...        -                    -
1          2       driver  ...        -                    -
2          3      plumber  ...      PVC                    -
3          4  electrician  ...        -                  Yes
4          5         maid  ...        -                    -
5          6    carpenter  ...        -                    -
6          7   AC service  ...        -                    -
7          8      cleaner  ...        -                    -
8          9     gardener  ...        -                    -
9         10        guard  ...        -                    -

[10 rows x 17 columns]
2023-04-11 12:35:24,315 - functionalities.logger - DEBUG - ratings:
     userId  serviceId  rating         timestamp
0      1001          1     4.5  01-03-2022 08:30
1      1001          2     3.0  02-03-2022 11:20
2      1001          3     2.5  03-03-2022 15:45
3      1001          4     4.0  04-03-2022 09:10
4      1001          5     3.5  05-03-2022 12:55
..      ...        ...     ...               ...
294      50          2     5.0               NaN
295      50          5     4.0               NaN
296      50          8     3.0               NaN
297      50          5     5.0               NaN
298      50          3     5.0               NaN

[299 rows x 4 columns]
2023-04-11 12:35:24,315 - functionalities.logger - ERROR - 'subtype'
2023-04-11 12:36:33,229 - functionalities.logger - DEBUG - services:
   serviceId        title  ... pipeType electricalAppliances
0          1         cook  ...        -                    -
1          2       driver  ...        -                    -
2          3      plumber  ...      PVC                    -
3          4  electrician  ...        -                  Yes
4          5         maid  ...        -                    -
5          6    carpenter  ...        -                    -
6          7   AC service  ...        -                    -
7          8      cleaner  ...        -                    -
8          9     gardener  ...        -                    -
9         10        guard  ...        -                    -

[10 rows x 17 columns]
2023-04-11 12:36:33,235 - functionalities.logger - DEBUG - ratings:
     userId  serviceId  rating         timestamp
0      1001          1     4.5  01-03-2022 08:30
1      1001          2     3.0  02-03-2022 11:20
2      1001          3     2.5  03-03-2022 15:45
3      1001          4     4.0  04-03-2022 09:10
4      1001          5     3.5  05-03-2022 12:55
..      ...        ...     ...               ...
294      50          2     5.0               NaN
295      50          5     4.0               NaN
296      50          8     3.0               NaN
297      50          5     5.0               NaN
298      50          3     5.0               NaN

[299 rows x 4 columns]
2023-04-11 12:36:33,235 - functionalities.logger - DEBUG - item_user_mat->subtype:
<class 'pandas.core.frame.DataFrame'>
2023-04-11 12:36:33,235 - functionalities.logger - DEBUG - before extending indices
[]
2023-04-11 12:36:33,235 - functionalities.logger - ERROR - 'subtype'
2023-04-11 12:43:44,385 - functionalities.logger - DEBUG - services:
   serviceId        title  ... pipeType electricalAppliances
0          1         cook  ...        -                    -
1          2       driver  ...        -                    -
2          3      plumber  ...      PVC                    -
3          4  electrician  ...        -                  Yes
4          5         maid  ...        -                    -
5          6    carpenter  ...        -                    -
6          7   AC service  ...        -                    -
7          8      cleaner  ...        -                    -
8          9     gardener  ...        -                    -
9         10        guard  ...        -                    -

[10 rows x 17 columns]
2023-04-11 12:43:44,390 - functionalities.logger - DEBUG - ratings:
     userId  serviceId  rating         timestamp
0      1001          1     4.5  01-03-2022 08:30
1      1001          2     3.0  02-03-2022 11:20
2      1001          3     2.5  03-03-2022 15:45
3      1001          4     4.0  04-03-2022 09:10
4      1001          5     3.5  05-03-2022 12:55
..      ...        ...     ...               ...
294      50          2     5.0               NaN
295      50          5     4.0               NaN
296      50          8     3.0               NaN
297      50          5     5.0               NaN
298      50          3     5.0               NaN

[299 rows x 4 columns]
2023-04-11 12:43:44,391 - functionalities.logger - DEBUG - item_user_mat->subtype:
<class 'pandas.core.frame.DataFrame'>
2023-04-11 12:43:44,391 - functionalities.logger - DEBUG - before extending indices
[]
2023-04-11 12:43:44,391 - functionalities.logger - ERROR - 'subtype'
2023-04-11 12:54:30,378 - functionalities.logger - DEBUG - services:
   serviceId        title  ... pipeType electricalAppliances
0          1         cook  ...        -                    -
1          2       driver  ...        -                    -
2          3      plumber  ...      PVC                    -
3          4  electrician  ...        -                  Yes
4          5         maid  ...        -                    -
5          6    carpenter  ...        -                    -
6          7   AC service  ...        -                    -
7          8      cleaner  ...        -                    -
8          9     gardener  ...        -                    -
9         10        guard  ...        -                    -

[10 rows x 17 columns]
2023-04-11 12:54:30,383 - functionalities.logger - DEBUG - ratings:
     userId  serviceId  rating         timestamp
0      1001          1     4.5  01-03-2022 08:30
1      1001          2     3.0  02-03-2022 11:20
2      1001          3     2.5  03-03-2022 15:45
3      1001          4     4.0  04-03-2022 09:10
4      1001          5     3.5  05-03-2022 12:55
..      ...        ...     ...               ...
294      50          2     5.0               NaN
295      50          5     4.0               NaN
296      50          8     3.0               NaN
297      50          5     5.0               NaN
298      50          3     5.0               NaN

[299 rows x 4 columns]
2023-04-11 12:54:30,432 - functionalities.logger - DEBUG - item_user_mat->subtype:
userId     3     11    12    13    14    15    16    ...  555   666   777   888   999   1001  1002
serviceId                                            ...                                          
1           4.0   5.0  3.25   0.0   0.0   5.0   0.0  ...   3.0   4.0   2.0   2.0   4.0   4.5   3.0
2           0.0   4.0  2.50   4.5   0.0   0.0   0.0  ...   3.0   4.0   3.0   3.0   5.0   3.0   4.0
3           0.0   0.0  3.25   4.0   3.5   0.0   0.0  ...   3.0   3.0   3.0   4.0   4.0   2.5   2.0
4           4.0   3.0  5.00   4.0   3.5   0.0   3.0  ...   3.0   5.0   4.0   3.0   3.5   4.0   4.5
5           0.0   4.0  3.00   3.0   3.0   0.0   0.0  ...   3.0   5.0   3.0   3.0   3.0   3.5   3.0
6           0.0   5.0  5.00   3.0   0.0   4.0   0.0  ...   3.0   3.0   4.0   2.0   4.0   4.0   3.5
7           0.0   0.0  3.50   5.0   3.0   0.0   0.0  ...   4.0   1.0   3.0   3.0   4.0   2.0   2.5
8           0.0   3.0  3.00   3.5   0.0   0.0   0.0  ...   1.0   3.0   3.0   4.0   0.0   3.5   4.0
9           0.0   3.0  2.50   4.0   0.0   0.0   4.0  ...   5.0   4.0   3.0   3.0   3.0   4.0   3.0
10          0.0   0.0  4.50   3.0   4.0   4.0   0.0  ...   4.0   2.0   3.0   4.0   4.0   0.0   0.0

[10 rows x 51 columns]
2023-04-11 12:54:30,441 - functionalities.logger - DEBUG - item_user_mat_sparse:
  (0, 0)	4.0
  (0, 1)	5.0
  (0, 2)	3.25
  (0, 5)	5.0
  (0, 7)	2.5
  (0, 11)	5.0
  (0, 14)	5.0
  (0, 15)	4.0
  (0, 17)	4.0
  (0, 20)	5.0
  (0, 21)	5.0
  (0, 23)	5.0
  (0, 24)	5.0
  (0, 26)	5.0
  (0, 27)	4.0
  (0, 31)	3.0
  (0, 33)	5.0
  (0, 36)	5.0
  (0, 38)	5.0
  (0, 40)	5.0
  (0, 42)	5.0
  (0, 43)	3.0
  (0, 44)	3.0
  (0, 45)	4.0
  (0, 46)	2.0
  :	:
  (9, 3)	3.0
  (9, 4)	4.0
  (9, 5)	4.0
  (9, 7)	3.5
  (9, 11)	4.0
  (9, 13)	3.0
  (9, 15)	4.0
  (9, 17)	5.0
  (9, 18)	4.5
  (9, 22)	5.0
  (9, 25)	5.0
  (9, 28)	5.0
  (9, 31)	4.0
  (9, 33)	5.0
  (9, 35)	4.0
  (9, 38)	4.0
  (9, 40)	4.0
  (9, 41)	5.0
  (9, 42)	5.0
  (9, 43)	3.0
  (9, 44)	4.0
  (9, 45)	2.0
  (9, 46)	3.0
  (9, 47)	4.0
  (9, 48)	4.0
2023-04-11 12:54:30,442 - functionalities.logger - DEBUG - before extending indices
[]
2023-04-11 12:54:30,442 - functionalities.logger - ERROR - 'subtype'
2023-04-11 12:59:37,763 - functionalities.logger - DEBUG - services:
   serviceId        title  ... pipeType electricalAppliances
0          1         cook  ...        -                    -
1          2       driver  ...        -                    -
2          3      plumber  ...      PVC                    -
3          4  electrician  ...        -                  Yes
4          5         maid  ...        -                    -
5          6    carpenter  ...        -                    -
6          7   AC service  ...        -                    -
7          8      cleaner  ...        -                    -
8          9     gardener  ...        -                    -
9         10        guard  ...        -                    -

[10 rows x 17 columns]
2023-04-11 12:59:37,767 - functionalities.logger - DEBUG - ratings:
     userId  serviceId  rating         timestamp
0      1001          1     4.5  01-03-2022 08:30
1      1001          2     3.0  02-03-2022 11:20
2      1001          3     2.5  03-03-2022 15:45
3      1001          4     4.0  04-03-2022 09:10
4      1001          5     3.5  05-03-2022 12:55
..      ...        ...     ...               ...
294      50          2     5.0               NaN
295      50          5     4.0               NaN
296      50          8     3.0               NaN
297      50          5     5.0               NaN
298      50          3     5.0               NaN

[299 rows x 4 columns]
2023-04-11 12:59:37,768 - functionalities.logger - DEBUG - item_user_mat->cols:
Index([   3,   11,   12,   13,   14,   15,   16,   17,   18,   19,   20,   21,
         22,   23,   24,   25,   26,   27,   28,   29,   30,   31,   32,   33,
         34,   35,   36,   37,   38,   39,   40,   41,   42,   43,   44,   45,
         46,   47,   48,   49,   50,  100,  333,  444,  555,  666,  777,  888,
        999, 1001, 1002],
      dtype='int64', name='userId')
2023-04-11 12:59:37,768 - functionalities.logger - DEBUG - item_user_mat_sparse->cols:
  (0, 0)	4.0
  (0, 1)	5.0
  (0, 2)	3.25
  (0, 5)	5.0
  (0, 7)	2.5
  (0, 11)	5.0
  (0, 14)	5.0
  (0, 15)	4.0
  (0, 17)	4.0
  (0, 20)	5.0
  (0, 21)	5.0
  (0, 23)	5.0
  (0, 24)	5.0
  (0, 26)	5.0
  (0, 27)	4.0
  (0, 31)	3.0
  (0, 33)	5.0
  (0, 36)	5.0
  (0, 38)	5.0
  (0, 40)	5.0
  (0, 42)	5.0
  (0, 43)	3.0
  (0, 44)	3.0
  (0, 45)	4.0
  (0, 46)	2.0
  :	:
  (9, 3)	3.0
  (9, 4)	4.0
  (9, 5)	4.0
  (9, 7)	3.5
  (9, 11)	4.0
  (9, 13)	3.0
  (9, 15)	4.0
  (9, 17)	5.0
  (9, 18)	4.5
  (9, 22)	5.0
  (9, 25)	5.0
  (9, 28)	5.0
  (9, 31)	4.0
  (9, 33)	5.0
  (9, 35)	4.0
  (9, 38)	4.0
  (9, 40)	4.0
  (9, 41)	5.0
  (9, 42)	5.0
  (9, 43)	3.0
  (9, 44)	4.0
  (9, 45)	2.0
  (9, 46)	3.0
  (9, 47)	4.0
  (9, 48)	4.0
2023-04-11 12:59:37,769 - functionalities.logger - DEBUG - before extending indices
[]
2023-04-11 12:59:37,769 - functionalities.logger - ERROR - ''
2023-04-11 13:00:18,457 - functionalities.logger - DEBUG - services:
   serviceId        title  ... pipeType electricalAppliances
0          1         cook  ...        -                    -
1          2       driver  ...        -                    -
2          3      plumber  ...      PVC                    -
3          4  electrician  ...        -                  Yes
4          5         maid  ...        -                    -
5          6    carpenter  ...        -                    -
6          7   AC service  ...        -                    -
7          8      cleaner  ...        -                    -
8          9     gardener  ...        -                    -
9         10        guard  ...        -                    -

[10 rows x 17 columns]
2023-04-11 13:00:18,461 - functionalities.logger - DEBUG - ratings:
     userId  serviceId  rating         timestamp
0      1001          1     4.5  01-03-2022 08:30
1      1001          2     3.0  02-03-2022 11:20
2      1001          3     2.5  03-03-2022 15:45
3      1001          4     4.0  04-03-2022 09:10
4      1001          5     3.5  05-03-2022 12:55
..      ...        ...     ...               ...
294      50          2     5.0               NaN
295      50          5     4.0               NaN
296      50          8     3.0               NaN
297      50          5     5.0               NaN
298      50          3     5.0               NaN

[299 rows x 4 columns]
2023-04-11 13:00:18,462 - functionalities.logger - DEBUG - item_user_mat->cols:
Index([   3,   11,   12,   13,   14,   15,   16,   17,   18,   19,   20,   21,
         22,   23,   24,   25,   26,   27,   28,   29,   30,   31,   32,   33,
         34,   35,   36,   37,   38,   39,   40,   41,   42,   43,   44,   45,
         46,   47,   48,   49,   50,  100,  333,  444,  555,  666,  777,  888,
        999, 1001, 1002],
      dtype='int64', name='userId')
2023-04-11 13:00:18,462 - functionalities.logger - DEBUG - item_user_mat_sparse->cols:
  (0, 0)	4.0
  (0, 1)	5.0
  (0, 2)	3.25
  (0, 5)	5.0
  (0, 7)	2.5
  (0, 11)	5.0
  (0, 14)	5.0
  (0, 15)	4.0
  (0, 17)	4.0
  (0, 20)	5.0
  (0, 21)	5.0
  (0, 23)	5.0
  (0, 24)	5.0
  (0, 26)	5.0
  (0, 27)	4.0
  (0, 31)	3.0
  (0, 33)	5.0
  (0, 36)	5.0
  (0, 38)	5.0
  (0, 40)	5.0
  (0, 42)	5.0
  (0, 43)	3.0
  (0, 44)	3.0
  (0, 45)	4.0
  (0, 46)	2.0
  :	:
  (9, 3)	3.0
  (9, 4)	4.0
  (9, 5)	4.0
  (9, 7)	3.5
  (9, 11)	4.0
  (9, 13)	3.0
  (9, 15)	4.0
  (9, 17)	5.0
  (9, 18)	4.5
  (9, 22)	5.0
  (9, 25)	5.0
  (9, 28)	5.0
  (9, 31)	4.0
  (9, 33)	5.0
  (9, 35)	4.0
  (9, 38)	4.0
  (9, 40)	4.0
  (9, 41)	5.0
  (9, 42)	5.0
  (9, 43)	3.0
  (9, 44)	4.0
  (9, 45)	2.0
  (9, 46)	3.0
  (9, 47)	4.0
  (9, 48)	4.0
2023-04-11 13:00:18,462 - functionalities.logger - DEBUG - before extending indices
[]
2023-04-11 13:00:18,462 - functionalities.logger - ERROR - ''
2023-04-11 13:00:38,087 - functionalities.logger - DEBUG - services:
   serviceId        title  ... pipeType electricalAppliances
0          1         cook  ...        -                    -
1          2       driver  ...        -                    -
2          3      plumber  ...      PVC                    -
3          4  electrician  ...        -                  Yes
4          5         maid  ...        -                    -
5          6    carpenter  ...        -                    -
6          7   AC service  ...        -                    -
7          8      cleaner  ...        -                    -
8          9     gardener  ...        -                    -
9         10        guard  ...        -                    -

[10 rows x 17 columns]
2023-04-11 13:00:38,092 - functionalities.logger - DEBUG - ratings:
     userId  serviceId  rating         timestamp
0      1001          1     4.5  01-03-2022 08:30
1      1001          2     3.0  02-03-2022 11:20
2      1001          3     2.5  03-03-2022 15:45
3      1001          4     4.0  04-03-2022 09:10
4      1001          5     3.5  05-03-2022 12:55
..      ...        ...     ...               ...
294      50          2     5.0               NaN
295      50          5     4.0               NaN
296      50          8     3.0               NaN
297      50          5     5.0               NaN
298      50          3     5.0               NaN

[299 rows x 4 columns]
2023-04-11 13:00:38,092 - functionalities.logger - DEBUG - item_user_mat->cols:
Index([   3,   11,   12,   13,   14,   15,   16,   17,   18,   19,   20,   21,
         22,   23,   24,   25,   26,   27,   28,   29,   30,   31,   32,   33,
         34,   35,   36,   37,   38,   39,   40,   41,   42,   43,   44,   45,
         46,   47,   48,   49,   50,  100,  333,  444,  555,  666,  777,  888,
        999, 1001, 1002],
      dtype='int64', name='userId')
